[2025-06-12 13:48:53] local.ERROR: Class "PDO" not found {"exception":"[object] (Error(code: 0): Class \"PDO\" not found at /home/delzone/public_html/framework/vendor/laravel/framework/src/Illuminate/Database/Connection.php:120)
[stacktrace]
#0 /home/delzone/public_html/framework/vendor/laravel/framework/src/Illuminate/Database/Connectors/ConnectionFactory.php(265): Illuminate\\Database\\Connection::getResolver()
#1 /home/delzone/public_html/framework/vendor/laravel/framework/src/Illuminate/Database/Connectors/ConnectionFactory.php(75): Illuminate\\Database\\Connectors\\ConnectionFactory->createConnection()
#2 /home/delzone/public_html/framework/vendor/laravel/framework/src/Illuminate/Database/Connectors/ConnectionFactory.php(50): Illuminate\\Database\\Connectors\\ConnectionFactory->createSingleConnection()
#3 /home/delzone/public_html/framework/vendor/laravel/framework/src/Illuminate/Database/DatabaseManager.php(152): Illuminate\\Database\\Connectors\\ConnectionFactory->make()
#4 /home/delzone/public_html/framework/vendor/laravel/framework/src/Illuminate/Database/DatabaseManager.php(101): Illuminate\\Database\\DatabaseManager->makeConnection()
#5 /home/delzone/public_html/framework/vendor/laravel/framework/src/Illuminate/Database/Eloquent/Model.php(1818): Illuminate\\Database\\DatabaseManager->connection()
#6 /home/delzone/public_html/framework/vendor/laravel/framework/src/Illuminate/Database/Eloquent/Model.php(1784): Illuminate\\Database\\Eloquent\\Model::resolveConnection()
#7 /home/delzone/public_html/framework/vendor/laravel/framework/src/Illuminate/Database/Eloquent/Model.php(1576): Illuminate\\Database\\Eloquent\\Model->getConnection()
#8 /home/delzone/public_html/framework/vendor/laravel/framework/src/Illuminate/Database/Eloquent/Model.php(1495): Illuminate\\Database\\Eloquent\\Model->newBaseQueryBuilder()
#9 /home/delzone/public_html/framework/vendor/laravel/framework/src/Illuminate/Database/Eloquent/Model.php(1531): Illuminate\\Database\\Eloquent\\Model->newModelQuery()
#10 /home/delzone/public_html/framework/vendor/laravel/framework/src/Illuminate/Database/Eloquent/Model.php(1484): Illuminate\\Database\\Eloquent\\Model->newQueryWithoutScopes()
#11 /home/delzone/public_html/framework/vendor/laravel/framework/src/Illuminate/Database/Eloquent/Model.php(1474): Illuminate\\Database\\Eloquent\\Model->newQuery()
#12 /home/delzone/public_html/framework/vendor/laravel/framework/src/Illuminate/Database/Eloquent/Model.php(674): Illuminate\\Database\\Eloquent\\Model::query()
#13 /home/delzone/public_html/framework/app/Model/Hyvikk.php(57): Illuminate\\Database\\Eloquent\\Model::all()
#14 /home/delzone/public_html/framework/app/Http/Controllers/FrontEnd/HomeController.php(49): App\\Model\\Hyvikk::frontend()
#15 [internal function]: App\\Http\\Controllers\\FrontEnd\\HomeController->__construct()
#16 /home/delzone/public_html/framework/vendor/laravel/framework/src/Illuminate/Container/Container.php(952): ReflectionClass->newInstanceArgs()
#17 /home/delzone/public_html/framework/vendor/laravel/framework/src/Illuminate/Container/Container.php(795): Illuminate\\Container\\Container->build()
#18 /home/delzone/public_html/framework/vendor/laravel/framework/src/Illuminate/Foundation/Application.php(933): Illuminate\\Container\\Container->resolve()
#19 /home/delzone/public_html/framework/vendor/laravel/framework/src/Illuminate/Container/Container.php(731): Illuminate\\Foundation\\Application->resolve()
#20 /home/delzone/public_html/framework/vendor/laravel/framework/src/Illuminate/Foundation/Application.php(918): Illuminate\\Container\\Container->make()
#21 /home/delzone/public_html/framework/vendor/laravel/framework/src/Illuminate/Routing/Route.php(274): Illuminate\\Foundation\\Application->make()
#22 /home/delzone/public_html/framework/vendor/laravel/framework/src/Illuminate/Routing/Route.php(1100): Illuminate\\Routing\\Route->getController()
#23 /home/delzone/public_html/framework/vendor/laravel/framework/src/Illuminate/Routing/Route.php(1031): Illuminate\\Routing\\Route->controllerMiddleware()
#24 /home/delzone/public_html/framework/vendor/laravel/framework/src/Illuminate/Routing/Router.php(811): Illuminate\\Routing\\Route->gatherMiddleware()
#25 /home/delzone/public_html/framework/vendor/laravel/framework/src/Illuminate/Routing/Router.php(793): Illuminate\\Routing\\Router->gatherRouteMiddleware()
#26 /home/delzone/public_html/framework/vendor/laravel/framework/src/Illuminate/Routing/Router.php(777): Illuminate\\Routing\\Router->runRouteWithinStack()
#27 /home/delzone/public_html/framework/vendor/laravel/framework/src/Illuminate/Routing/Router.php(741): Illuminate\\Routing\\Router->runRoute()
#28 /home/delzone/public_html/framework/vendor/laravel/framework/src/Illuminate/Routing/Router.php(730): Illuminate\\Routing\\Router->dispatchToRoute()
#29 /home/delzone/public_html/framework/vendor/laravel/framework/src/Illuminate/Foundation/Http/Kernel.php(200): Illuminate\\Routing\\Router->dispatch()
#30 /home/delzone/public_html/framework/vendor/laravel/framework/src/Illuminate/Pipeline/Pipeline.php(141): Illuminate\\Foundation\\Http\\Kernel->Illuminate\\Foundation\\Http\\{closure}()
#31 /home/delzone/public_html/framework/vendor/laravel/framework/src/Illuminate/Foundation/Http/Middleware/TransformsRequest.php(21): Illuminate\\Pipeline\\Pipeline->Illuminate\\Pipeline\\{closure}()
#32 /home/delzone/public_html/framework/vendor/laravel/framework/src/Illuminate/Foundation/Http/Middleware/ConvertEmptyStringsToNull.php(31): Illuminate\\Foundation\\Http\\Middleware\\TransformsRequest->handle()
#33 /home/delzone/public_html/framework/vendor/laravel/framework/src/Illuminate/Pipeline/Pipeline.php(180): Illuminate\\Foundation\\Http\\Middleware\\ConvertEmptyStringsToNull->handle()
#34 /home/delzone/public_html/framework/vendor/laravel/framework/src/Illuminate/Foundation/Http/Middleware/TransformsRequest.php(21): Illuminate\\Pipeline\\Pipeline->Illuminate\\Pipeline\\{closure}()
#35 /home/delzone/public_html/framework/vendor/laravel/framework/src/Illuminate/Foundation/Http/Middleware/TrimStrings.php(40): Illuminate\\Foundation\\Http\\Middleware\\TransformsRequest->handle()
#36 /home/delzone/public_html/framework/vendor/laravel/framework/src/Illuminate/Pipeline/Pipeline.php(180): Illuminate\\Foundation\\Http\\Middleware\\TrimStrings->handle()
#37 /home/delzone/public_html/framework/vendor/laravel/framework/src/Illuminate/Foundation/Http/Middleware/ValidatePostSize.php(27): Illuminate\\Pipeline\\Pipeline->Illuminate\\Pipeline\\{closure}()
#38 /home/delzone/public_html/framework/vendor/laravel/framework/src/Illuminate/Pipeline/Pipeline.php(180): Illuminate\\Foundation\\Http\\Middleware\\ValidatePostSize->handle()
#39 /home/delzone/public_html/framework/vendor/laravel/framework/src/Illuminate/Foundation/Http/Middleware/PreventRequestsDuringMaintenance.php(86): Illuminate\\Pipeline\\Pipeline->Illuminate\\Pipeline\\{closure}()
#40 /home/delzone/public_html/framework/vendor/laravel/framework/src/Illuminate/Pipeline/Pipeline.php(180): Illuminate\\Foundation\\Http\\Middleware\\PreventRequestsDuringMaintenance->handle()
#41 /home/delzone/public_html/framework/vendor/laravel/framework/src/Illuminate/Pipeline/Pipeline.php(116): Illuminate\\Pipeline\\Pipeline->Illuminate\\Pipeline\\{closure}()
#42 /home/delzone/public_html/framework/vendor/laravel/framework/src/Illuminate/Foundation/Http/Kernel.php(175): Illuminate\\Pipeline\\Pipeline->then()
#43 /home/delzone/public_html/framework/vendor/laravel/framework/src/Illuminate/Foundation/Http/Kernel.php(144): Illuminate\\Foundation\\Http\\Kernel->sendRequestThroughRouter()
#44 /home/delzone/public_html/index.php(5): Illuminate\\Foundation\\Http\\Kernel->handle()
#45 {main}
"} 
[2025-06-12 13:49:26] local.ERROR: Class "PDO" not found {"exception":"[object] (Error(code: 0): Class \"PDO\" not found at /home/delzone/public_html/framework/vendor/laravel/framework/src/Illuminate/Database/Connection.php:120)
[stacktrace]
#0 /home/delzone/public_html/framework/vendor/laravel/framework/src/Illuminate/Database/Connection.php(1701): [constant expression]()
#1 /home/delzone/public_html/framework/vendor/laravel/framework/src/Illuminate/Database/Connectors/ConnectionFactory.php(265): Illuminate\\Database\\Connection::getResolver()
#2 /home/delzone/public_html/framework/vendor/laravel/framework/src/Illuminate/Database/Connectors/ConnectionFactory.php(75): Illuminate\\Database\\Connectors\\ConnectionFactory->createConnection()
#3 /home/delzone/public_html/framework/vendor/laravel/framework/src/Illuminate/Database/Connectors/ConnectionFactory.php(50): Illuminate\\Database\\Connectors\\ConnectionFactory->createSingleConnection()
#4 /home/delzone/public_html/framework/vendor/laravel/framework/src/Illuminate/Database/DatabaseManager.php(152): Illuminate\\Database\\Connectors\\ConnectionFactory->make()
#5 /home/delzone/public_html/framework/vendor/laravel/framework/src/Illuminate/Database/DatabaseManager.php(101): Illuminate\\Database\\DatabaseManager->makeConnection()
#6 /home/delzone/public_html/framework/vendor/laravel/framework/src/Illuminate/Database/Eloquent/Model.php(1818): Illuminate\\Database\\DatabaseManager->connection()
#7 /home/delzone/public_html/framework/vendor/laravel/framework/src/Illuminate/Database/Eloquent/Model.php(1784): Illuminate\\Database\\Eloquent\\Model::resolveConnection()
#8 /home/delzone/public_html/framework/vendor/laravel/framework/src/Illuminate/Database/Eloquent/Model.php(1576): Illuminate\\Database\\Eloquent\\Model->getConnection()
#9 /home/delzone/public_html/framework/vendor/laravel/framework/src/Illuminate/Database/Eloquent/Model.php(1495): Illuminate\\Database\\Eloquent\\Model->newBaseQueryBuilder()
#10 /home/delzone/public_html/framework/vendor/laravel/framework/src/Illuminate/Database/Eloquent/Model.php(1531): Illuminate\\Database\\Eloquent\\Model->newModelQuery()
#11 /home/delzone/public_html/framework/vendor/laravel/framework/src/Illuminate/Database/Eloquent/Model.php(1484): Illuminate\\Database\\Eloquent\\Model->newQueryWithoutScopes()
#12 /home/delzone/public_html/framework/vendor/laravel/framework/src/Illuminate/Database/Eloquent/Model.php(1474): Illuminate\\Database\\Eloquent\\Model->newQuery()
#13 /home/delzone/public_html/framework/vendor/laravel/framework/src/Illuminate/Database/Eloquent/Model.php(674): Illuminate\\Database\\Eloquent\\Model::query()
#14 /home/delzone/public_html/framework/app/Model/Hyvikk.php(57): Illuminate\\Database\\Eloquent\\Model::all()
#15 /home/delzone/public_html/framework/app/Http/Controllers/FrontEnd/HomeController.php(49): App\\Model\\Hyvikk::frontend()
#16 [internal function]: App\\Http\\Controllers\\FrontEnd\\HomeController->__construct()
#17 /home/delzone/public_html/framework/vendor/laravel/framework/src/Illuminate/Container/Container.php(952): ReflectionClass->newInstanceArgs()
#18 /home/delzone/public_html/framework/vendor/laravel/framework/src/Illuminate/Container/Container.php(795): Illuminate\\Container\\Container->build()
#19 /home/delzone/public_html/framework/vendor/laravel/framework/src/Illuminate/Foundation/Application.php(933): Illuminate\\Container\\Container->resolve()
#20 /home/delzone/public_html/framework/vendor/laravel/framework/src/Illuminate/Container/Container.php(731): Illuminate\\Foundation\\Application->resolve()
#21 /home/delzone/public_html/framework/vendor/laravel/framework/src/Illuminate/Foundation/Application.php(918): Illuminate\\Container\\Container->make()
#22 /home/delzone/public_html/framework/vendor/laravel/framework/src/Illuminate/Routing/Route.php(274): Illuminate\\Foundation\\Application->make()
#23 /home/delzone/public_html/framework/vendor/laravel/framework/src/Illuminate/Routing/Route.php(1100): Illuminate\\Routing\\Route->getController()
#24 /home/delzone/public_html/framework/vendor/laravel/framework/src/Illuminate/Routing/Route.php(1031): Illuminate\\Routing\\Route->controllerMiddleware()
#25 /home/delzone/public_html/framework/vendor/laravel/framework/src/Illuminate/Routing/Router.php(811): Illuminate\\Routing\\Route->gatherMiddleware()
#26 /home/delzone/public_html/framework/vendor/laravel/framework/src/Illuminate/Routing/Router.php(793): Illuminate\\Routing\\Router->gatherRouteMiddleware()
#27 /home/delzone/public_html/framework/vendor/laravel/framework/src/Illuminate/Routing/Router.php(777): Illuminate\\Routing\\Router->runRouteWithinStack()
#28 /home/delzone/public_html/framework/vendor/laravel/framework/src/Illuminate/Routing/Router.php(741): Illuminate\\Routing\\Router->runRoute()
#29 /home/delzone/public_html/framework/vendor/laravel/framework/src/Illuminate/Routing/Router.php(730): Illuminate\\Routing\\Router->dispatchToRoute()
#30 /home/delzone/public_html/framework/vendor/laravel/framework/src/Illuminate/Foundation/Http/Kernel.php(200): Illuminate\\Routing\\Router->dispatch()
#31 /home/delzone/public_html/framework/vendor/laravel/framework/src/Illuminate/Pipeline/Pipeline.php(141): Illuminate\\Foundation\\Http\\Kernel->Illuminate\\Foundation\\Http\\{closure}()
#32 /home/delzone/public_html/framework/vendor/laravel/framework/src/Illuminate/Foundation/Http/Middleware/TransformsRequest.php(21): Illuminate\\Pipeline\\Pipeline->Illuminate\\Pipeline\\{closure}()
#33 /home/delzone/public_html/framework/vendor/laravel/framework/src/Illuminate/Foundation/Http/Middleware/ConvertEmptyStringsToNull.php(31): Illuminate\\Foundation\\Http\\Middleware\\TransformsRequest->handle()
#34 /home/delzone/public_html/framework/vendor/laravel/framework/src/Illuminate/Pipeline/Pipeline.php(180): Illuminate\\Foundation\\Http\\Middleware\\ConvertEmptyStringsToNull->handle()
#35 /home/delzone/public_html/framework/vendor/laravel/framework/src/Illuminate/Foundation/Http/Middleware/TransformsRequest.php(21): Illuminate\\Pipeline\\Pipeline->Illuminate\\Pipeline\\{closure}()
#36 /home/delzone/public_html/framework/vendor/laravel/framework/src/Illuminate/Foundation/Http/Middleware/TrimStrings.php(40): Illuminate\\Foundation\\Http\\Middleware\\TransformsRequest->handle()
#37 /home/delzone/public_html/framework/vendor/laravel/framework/src/Illuminate/Pipeline/Pipeline.php(180): Illuminate\\Foundation\\Http\\Middleware\\TrimStrings->handle()
#38 /home/delzone/public_html/framework/vendor/laravel/framework/src/Illuminate/Foundation/Http/Middleware/ValidatePostSize.php(27): Illuminate\\Pipeline\\Pipeline->Illuminate\\Pipeline\\{closure}()
#39 /home/delzone/public_html/framework/vendor/laravel/framework/src/Illuminate/Pipeline/Pipeline.php(180): Illuminate\\Foundation\\Http\\Middleware\\ValidatePostSize->handle()
#40 /home/delzone/public_html/framework/vendor/laravel/framework/src/Illuminate/Foundation/Http/Middleware/PreventRequestsDuringMaintenance.php(86): Illuminate\\Pipeline\\Pipeline->Illuminate\\Pipeline\\{closure}()
#41 /home/delzone/public_html/framework/vendor/laravel/framework/src/Illuminate/Pipeline/Pipeline.php(180): Illuminate\\Foundation\\Http\\Middleware\\PreventRequestsDuringMaintenance->handle()
#42 /home/delzone/public_html/framework/vendor/laravel/framework/src/Illuminate/Pipeline/Pipeline.php(116): Illuminate\\Pipeline\\Pipeline->Illuminate\\Pipeline\\{closure}()
#43 /home/delzone/public_html/framework/vendor/laravel/framework/src/Illuminate/Foundation/Http/Kernel.php(175): Illuminate\\Pipeline\\Pipeline->then()
#44 /home/delzone/public_html/framework/vendor/laravel/framework/src/Illuminate/Foundation/Http/Kernel.php(144): Illuminate\\Foundation\\Http\\Kernel->sendRequestThroughRouter()
#45 /home/delzone/public_html/index.php(5): Illuminate\\Foundation\\Http\\Kernel->handle()
#46 {main}
"} 
[2025-06-12 13:51:56] local.ERROR: Class "PDO" not found {"exception":"[object] (Error(code: 0): Class \"PDO\" not found at /home/delzone/public_html/framework/vendor/laravel/framework/src/Illuminate/Database/Connection.php:120)
[stacktrace]
#0 /home/delzone/public_html/framework/vendor/laravel/framework/src/Illuminate/Database/Connection.php(1701): [constant expression]()
#1 /home/delzone/public_html/framework/vendor/laravel/framework/src/Illuminate/Database/Connectors/ConnectionFactory.php(265): Illuminate\\Database\\Connection::getResolver()
#2 /home/delzone/public_html/framework/vendor/laravel/framework/src/Illuminate/Database/Connectors/ConnectionFactory.php(75): Illuminate\\Database\\Connectors\\ConnectionFactory->createConnection()
#3 /home/delzone/public_html/framework/vendor/laravel/framework/src/Illuminate/Database/Connectors/ConnectionFactory.php(50): Illuminate\\Database\\Connectors\\ConnectionFactory->createSingleConnection()
#4 /home/delzone/public_html/framework/vendor/laravel/framework/src/Illuminate/Database/DatabaseManager.php(152): Illuminate\\Database\\Connectors\\ConnectionFactory->make()
#5 /home/delzone/public_html/framework/vendor/laravel/framework/src/Illuminate/Database/DatabaseManager.php(101): Illuminate\\Database\\DatabaseManager->makeConnection()
#6 /home/delzone/public_html/framework/vendor/laravel/framework/src/Illuminate/Database/Eloquent/Model.php(1818): Illuminate\\Database\\DatabaseManager->connection()
#7 /home/delzone/public_html/framework/vendor/laravel/framework/src/Illuminate/Database/Eloquent/Model.php(1784): Illuminate\\Database\\Eloquent\\Model::resolveConnection()
#8 /home/delzone/public_html/framework/vendor/laravel/framework/src/Illuminate/Database/Eloquent/Model.php(1576): Illuminate\\Database\\Eloquent\\Model->getConnection()
#9 /home/delzone/public_html/framework/vendor/laravel/framework/src/Illuminate/Database/Eloquent/Model.php(1495): Illuminate\\Database\\Eloquent\\Model->newBaseQueryBuilder()
#10 /home/delzone/public_html/framework/vendor/laravel/framework/src/Illuminate/Database/Eloquent/Model.php(1531): Illuminate\\Database\\Eloquent\\Model->newModelQuery()
#11 /home/delzone/public_html/framework/vendor/laravel/framework/src/Illuminate/Database/Eloquent/Model.php(1484): Illuminate\\Database\\Eloquent\\Model->newQueryWithoutScopes()
#12 /home/delzone/public_html/framework/vendor/laravel/framework/src/Illuminate/Database/Eloquent/Model.php(1474): Illuminate\\Database\\Eloquent\\Model->newQuery()
#13 /home/delzone/public_html/framework/vendor/laravel/framework/src/Illuminate/Database/Eloquent/Model.php(674): Illuminate\\Database\\Eloquent\\Model::query()
#14 /home/delzone/public_html/framework/app/Model/Hyvikk.php(29): Illuminate\\Database\\Eloquent\\Model::all()
#15 /home/delzone/public_html/framework/app/Http/Controllers/Auth/LoginController.php(21): App\\Model\\Hyvikk::get()
#16 [internal function]: App\\Http\\Controllers\\Auth\\LoginController->__construct()
#17 /home/delzone/public_html/framework/vendor/laravel/framework/src/Illuminate/Container/Container.php(952): ReflectionClass->newInstanceArgs()
#18 /home/delzone/public_html/framework/vendor/laravel/framework/src/Illuminate/Container/Container.php(795): Illuminate\\Container\\Container->build()
#19 /home/delzone/public_html/framework/vendor/laravel/framework/src/Illuminate/Foundation/Application.php(933): Illuminate\\Container\\Container->resolve()
#20 /home/delzone/public_html/framework/vendor/laravel/framework/src/Illuminate/Container/Container.php(731): Illuminate\\Foundation\\Application->resolve()
#21 /home/delzone/public_html/framework/vendor/laravel/framework/src/Illuminate/Foundation/Application.php(918): Illuminate\\Container\\Container->make()
#22 /home/delzone/public_html/framework/vendor/laravel/framework/src/Illuminate/Routing/Route.php(274): Illuminate\\Foundation\\Application->make()
#23 /home/delzone/public_html/framework/vendor/laravel/framework/src/Illuminate/Routing/Route.php(1100): Illuminate\\Routing\\Route->getController()
#24 /home/delzone/public_html/framework/vendor/laravel/framework/src/Illuminate/Routing/Route.php(1031): Illuminate\\Routing\\Route->controllerMiddleware()
#25 /home/delzone/public_html/framework/vendor/laravel/framework/src/Illuminate/Routing/Router.php(811): Illuminate\\Routing\\Route->gatherMiddleware()
#26 /home/delzone/public_html/framework/vendor/laravel/framework/src/Illuminate/Routing/Router.php(793): Illuminate\\Routing\\Router->gatherRouteMiddleware()
#27 /home/delzone/public_html/framework/vendor/laravel/framework/src/Illuminate/Routing/Router.php(777): Illuminate\\Routing\\Router->runRouteWithinStack()
#28 /home/delzone/public_html/framework/vendor/laravel/framework/src/Illuminate/Routing/Router.php(741): Illuminate\\Routing\\Router->runRoute()
#29 /home/delzone/public_html/framework/vendor/laravel/framework/src/Illuminate/Routing/Router.php(730): Illuminate\\Routing\\Router->dispatchToRoute()
#30 /home/delzone/public_html/framework/vendor/laravel/framework/src/Illuminate/Foundation/Http/Kernel.php(200): Illuminate\\Routing\\Router->dispatch()
#31 /home/delzone/public_html/framework/vendor/laravel/framework/src/Illuminate/Pipeline/Pipeline.php(141): Illuminate\\Foundation\\Http\\Kernel->Illuminate\\Foundation\\Http\\{closure}()
#32 /home/delzone/public_html/framework/vendor/laravel/framework/src/Illuminate/Foundation/Http/Middleware/TransformsRequest.php(21): Illuminate\\Pipeline\\Pipeline->Illuminate\\Pipeline\\{closure}()
#33 /home/delzone/public_html/framework/vendor/laravel/framework/src/Illuminate/Foundation/Http/Middleware/ConvertEmptyStringsToNull.php(31): Illuminate\\Foundation\\Http\\Middleware\\TransformsRequest->handle()
#34 /home/delzone/public_html/framework/vendor/laravel/framework/src/Illuminate/Pipeline/Pipeline.php(180): Illuminate\\Foundation\\Http\\Middleware\\ConvertEmptyStringsToNull->handle()
#35 /home/delzone/public_html/framework/vendor/laravel/framework/src/Illuminate/Foundation/Http/Middleware/TransformsRequest.php(21): Illuminate\\Pipeline\\Pipeline->Illuminate\\Pipeline\\{closure}()
#36 /home/delzone/public_html/framework/vendor/laravel/framework/src/Illuminate/Foundation/Http/Middleware/TrimStrings.php(40): Illuminate\\Foundation\\Http\\Middleware\\TransformsRequest->handle()
#37 /home/delzone/public_html/framework/vendor/laravel/framework/src/Illuminate/Pipeline/Pipeline.php(180): Illuminate\\Foundation\\Http\\Middleware\\TrimStrings->handle()
#38 /home/delzone/public_html/framework/vendor/laravel/framework/src/Illuminate/Foundation/Http/Middleware/ValidatePostSize.php(27): Illuminate\\Pipeline\\Pipeline->Illuminate\\Pipeline\\{closure}()
#39 /home/delzone/public_html/framework/vendor/laravel/framework/src/Illuminate/Pipeline/Pipeline.php(180): Illuminate\\Foundation\\Http\\Middleware\\ValidatePostSize->handle()
#40 /home/delzone/public_html/framework/vendor/laravel/framework/src/Illuminate/Foundation/Http/Middleware/PreventRequestsDuringMaintenance.php(86): Illuminate\\Pipeline\\Pipeline->Illuminate\\Pipeline\\{closure}()
#41 /home/delzone/public_html/framework/vendor/laravel/framework/src/Illuminate/Pipeline/Pipeline.php(180): Illuminate\\Foundation\\Http\\Middleware\\PreventRequestsDuringMaintenance->handle()
#42 /home/delzone/public_html/framework/vendor/laravel/framework/src/Illuminate/Pipeline/Pipeline.php(116): Illuminate\\Pipeline\\Pipeline->Illuminate\\Pipeline\\{closure}()
#43 /home/delzone/public_html/framework/vendor/laravel/framework/src/Illuminate/Foundation/Http/Kernel.php(175): Illuminate\\Pipeline\\Pipeline->then()
#44 /home/delzone/public_html/framework/vendor/laravel/framework/src/Illuminate/Foundation/Http/Kernel.php(144): Illuminate\\Foundation\\Http\\Kernel->sendRequestThroughRouter()
#45 /home/delzone/public_html/index.php(5): Illuminate\\Foundation\\Http\\Kernel->handle()
#46 {main}
"} 
[2025-06-12 13:51:58] local.ERROR: Class "PDO" not found {"exception":"[object] (Error(code: 0): Class \"PDO\" not found at /home/delzone/public_html/framework/vendor/laravel/framework/src/Illuminate/Database/Connection.php:120)
[stacktrace]
#0 /home/delzone/public_html/framework/vendor/laravel/framework/src/Illuminate/Database/Connection.php(1701): [constant expression]()
#1 /home/delzone/public_html/framework/vendor/laravel/framework/src/Illuminate/Database/Connectors/ConnectionFactory.php(265): Illuminate\\Database\\Connection::getResolver()
#2 /home/delzone/public_html/framework/vendor/laravel/framework/src/Illuminate/Database/Connectors/ConnectionFactory.php(75): Illuminate\\Database\\Connectors\\ConnectionFactory->createConnection()
#3 /home/delzone/public_html/framework/vendor/laravel/framework/src/Illuminate/Database/Connectors/ConnectionFactory.php(50): Illuminate\\Database\\Connectors\\ConnectionFactory->createSingleConnection()
#4 /home/delzone/public_html/framework/vendor/laravel/framework/src/Illuminate/Database/DatabaseManager.php(152): Illuminate\\Database\\Connectors\\ConnectionFactory->make()
#5 /home/delzone/public_html/framework/vendor/laravel/framework/src/Illuminate/Database/DatabaseManager.php(101): Illuminate\\Database\\DatabaseManager->makeConnection()
#6 /home/delzone/public_html/framework/vendor/laravel/framework/src/Illuminate/Database/Eloquent/Model.php(1818): Illuminate\\Database\\DatabaseManager->connection()
#7 /home/delzone/public_html/framework/vendor/laravel/framework/src/Illuminate/Database/Eloquent/Model.php(1784): Illuminate\\Database\\Eloquent\\Model::resolveConnection()
#8 /home/delzone/public_html/framework/vendor/laravel/framework/src/Illuminate/Database/Eloquent/Model.php(1576): Illuminate\\Database\\Eloquent\\Model->getConnection()
#9 /home/delzone/public_html/framework/vendor/laravel/framework/src/Illuminate/Database/Eloquent/Model.php(1495): Illuminate\\Database\\Eloquent\\Model->newBaseQueryBuilder()
#10 /home/delzone/public_html/framework/vendor/laravel/framework/src/Illuminate/Database/Eloquent/Model.php(1531): Illuminate\\Database\\Eloquent\\Model->newModelQuery()
#11 /home/delzone/public_html/framework/vendor/laravel/framework/src/Illuminate/Database/Eloquent/Model.php(1484): Illuminate\\Database\\Eloquent\\Model->newQueryWithoutScopes()
#12 /home/delzone/public_html/framework/vendor/laravel/framework/src/Illuminate/Database/Eloquent/Model.php(1474): Illuminate\\Database\\Eloquent\\Model->newQuery()
#13 /home/delzone/public_html/framework/vendor/laravel/framework/src/Illuminate/Database/Eloquent/Model.php(674): Illuminate\\Database\\Eloquent\\Model::query()
#14 /home/delzone/public_html/framework/app/Model/Hyvikk.php(29): Illuminate\\Database\\Eloquent\\Model::all()
#15 /home/delzone/public_html/framework/app/Http/Controllers/Auth/LoginController.php(21): App\\Model\\Hyvikk::get()
#16 [internal function]: App\\Http\\Controllers\\Auth\\LoginController->__construct()
#17 /home/delzone/public_html/framework/vendor/laravel/framework/src/Illuminate/Container/Container.php(952): ReflectionClass->newInstanceArgs()
#18 /home/delzone/public_html/framework/vendor/laravel/framework/src/Illuminate/Container/Container.php(795): Illuminate\\Container\\Container->build()
#19 /home/delzone/public_html/framework/vendor/laravel/framework/src/Illuminate/Foundation/Application.php(933): Illuminate\\Container\\Container->resolve()
#20 /home/delzone/public_html/framework/vendor/laravel/framework/src/Illuminate/Container/Container.php(731): Illuminate\\Foundation\\Application->resolve()
#21 /home/delzone/public_html/framework/vendor/laravel/framework/src/Illuminate/Foundation/Application.php(918): Illuminate\\Container\\Container->make()
#22 /home/delzone/public_html/framework/vendor/laravel/framework/src/Illuminate/Routing/Route.php(274): Illuminate\\Foundation\\Application->make()
#23 /home/delzone/public_html/framework/vendor/laravel/framework/src/Illuminate/Routing/Route.php(1100): Illuminate\\Routing\\Route->getController()
#24 /home/delzone/public_html/framework/vendor/laravel/framework/src/Illuminate/Routing/Route.php(1031): Illuminate\\Routing\\Route->controllerMiddleware()
#25 /home/delzone/public_html/framework/vendor/laravel/framework/src/Illuminate/Routing/Router.php(811): Illuminate\\Routing\\Route->gatherMiddleware()
#26 /home/delzone/public_html/framework/vendor/laravel/framework/src/Illuminate/Routing/Router.php(793): Illuminate\\Routing\\Router->gatherRouteMiddleware()
#27 /home/delzone/public_html/framework/vendor/laravel/framework/src/Illuminate/Routing/Router.php(777): Illuminate\\Routing\\Router->runRouteWithinStack()
#28 /home/delzone/public_html/framework/vendor/laravel/framework/src/Illuminate/Routing/Router.php(741): Illuminate\\Routing\\Router->runRoute()
#29 /home/delzone/public_html/framework/vendor/laravel/framework/src/Illuminate/Routing/Router.php(730): Illuminate\\Routing\\Router->dispatchToRoute()
#30 /home/delzone/public_html/framework/vendor/laravel/framework/src/Illuminate/Foundation/Http/Kernel.php(200): Illuminate\\Routing\\Router->dispatch()
#31 /home/delzone/public_html/framework/vendor/laravel/framework/src/Illuminate/Pipeline/Pipeline.php(141): Illuminate\\Foundation\\Http\\Kernel->Illuminate\\Foundation\\Http\\{closure}()
#32 /home/delzone/public_html/framework/vendor/laravel/framework/src/Illuminate/Foundation/Http/Middleware/TransformsRequest.php(21): Illuminate\\Pipeline\\Pipeline->Illuminate\\Pipeline\\{closure}()
#33 /home/delzone/public_html/framework/vendor/laravel/framework/src/Illuminate/Foundation/Http/Middleware/ConvertEmptyStringsToNull.php(31): Illuminate\\Foundation\\Http\\Middleware\\TransformsRequest->handle()
#34 /home/delzone/public_html/framework/vendor/laravel/framework/src/Illuminate/Pipeline/Pipeline.php(180): Illuminate\\Foundation\\Http\\Middleware\\ConvertEmptyStringsToNull->handle()
#35 /home/delzone/public_html/framework/vendor/laravel/framework/src/Illuminate/Foundation/Http/Middleware/TransformsRequest.php(21): Illuminate\\Pipeline\\Pipeline->Illuminate\\Pipeline\\{closure}()
#36 /home/delzone/public_html/framework/vendor/laravel/framework/src/Illuminate/Foundation/Http/Middleware/TrimStrings.php(40): Illuminate\\Foundation\\Http\\Middleware\\TransformsRequest->handle()
#37 /home/delzone/public_html/framework/vendor/laravel/framework/src/Illuminate/Pipeline/Pipeline.php(180): Illuminate\\Foundation\\Http\\Middleware\\TrimStrings->handle()
#38 /home/delzone/public_html/framework/vendor/laravel/framework/src/Illuminate/Foundation/Http/Middleware/ValidatePostSize.php(27): Illuminate\\Pipeline\\Pipeline->Illuminate\\Pipeline\\{closure}()
#39 /home/delzone/public_html/framework/vendor/laravel/framework/src/Illuminate/Pipeline/Pipeline.php(180): Illuminate\\Foundation\\Http\\Middleware\\ValidatePostSize->handle()
#40 /home/delzone/public_html/framework/vendor/laravel/framework/src/Illuminate/Foundation/Http/Middleware/PreventRequestsDuringMaintenance.php(86): Illuminate\\Pipeline\\Pipeline->Illuminate\\Pipeline\\{closure}()
#41 /home/delzone/public_html/framework/vendor/laravel/framework/src/Illuminate/Pipeline/Pipeline.php(180): Illuminate\\Foundation\\Http\\Middleware\\PreventRequestsDuringMaintenance->handle()
#42 /home/delzone/public_html/framework/vendor/laravel/framework/src/Illuminate/Pipeline/Pipeline.php(116): Illuminate\\Pipeline\\Pipeline->Illuminate\\Pipeline\\{closure}()
#43 /home/delzone/public_html/framework/vendor/laravel/framework/src/Illuminate/Foundation/Http/Kernel.php(175): Illuminate\\Pipeline\\Pipeline->then()
#44 /home/delzone/public_html/framework/vendor/laravel/framework/src/Illuminate/Foundation/Http/Kernel.php(144): Illuminate\\Foundation\\Http\\Kernel->sendRequestThroughRouter()
#45 /home/delzone/public_html/index.php(5): Illuminate\\Foundation\\Http\\Kernel->handle()
#46 {main}
"} 
[2025-06-12 13:52:06] local.ERROR: Class "PDO" not found {"exception":"[object] (Error(code: 0): Class \"PDO\" not found at /home/delzone/public_html/framework/vendor/laravel/framework/src/Illuminate/Database/Connection.php:120)
[stacktrace]
#0 /home/delzone/public_html/framework/vendor/laravel/framework/src/Illuminate/Database/Connection.php(1701): [constant expression]()
#1 /home/delzone/public_html/framework/vendor/laravel/framework/src/Illuminate/Database/Connectors/ConnectionFactory.php(265): Illuminate\\Database\\Connection::getResolver()
#2 /home/delzone/public_html/framework/vendor/laravel/framework/src/Illuminate/Database/Connectors/ConnectionFactory.php(75): Illuminate\\Database\\Connectors\\ConnectionFactory->createConnection()
#3 /home/delzone/public_html/framework/vendor/laravel/framework/src/Illuminate/Database/Connectors/ConnectionFactory.php(50): Illuminate\\Database\\Connectors\\ConnectionFactory->createSingleConnection()
#4 /home/delzone/public_html/framework/vendor/laravel/framework/src/Illuminate/Database/DatabaseManager.php(152): Illuminate\\Database\\Connectors\\ConnectionFactory->make()
#5 /home/delzone/public_html/framework/vendor/laravel/framework/src/Illuminate/Database/DatabaseManager.php(101): Illuminate\\Database\\DatabaseManager->makeConnection()
#6 /home/delzone/public_html/framework/vendor/laravel/framework/src/Illuminate/Database/Eloquent/Model.php(1818): Illuminate\\Database\\DatabaseManager->connection()
#7 /home/delzone/public_html/framework/vendor/laravel/framework/src/Illuminate/Database/Eloquent/Model.php(1784): Illuminate\\Database\\Eloquent\\Model::resolveConnection()
#8 /home/delzone/public_html/framework/vendor/laravel/framework/src/Illuminate/Database/Eloquent/Model.php(1576): Illuminate\\Database\\Eloquent\\Model->getConnection()
#9 /home/delzone/public_html/framework/vendor/laravel/framework/src/Illuminate/Database/Eloquent/Model.php(1495): Illuminate\\Database\\Eloquent\\Model->newBaseQueryBuilder()
#10 /home/delzone/public_html/framework/vendor/laravel/framework/src/Illuminate/Database/Eloquent/Model.php(1531): Illuminate\\Database\\Eloquent\\Model->newModelQuery()
#11 /home/delzone/public_html/framework/vendor/laravel/framework/src/Illuminate/Database/Eloquent/Model.php(1484): Illuminate\\Database\\Eloquent\\Model->newQueryWithoutScopes()
#12 /home/delzone/public_html/framework/vendor/laravel/framework/src/Illuminate/Database/Eloquent/Model.php(1474): Illuminate\\Database\\Eloquent\\Model->newQuery()
#13 /home/delzone/public_html/framework/vendor/laravel/framework/src/Illuminate/Database/Eloquent/Model.php(674): Illuminate\\Database\\Eloquent\\Model::query()
#14 /home/delzone/public_html/framework/app/Model/Hyvikk.php(29): Illuminate\\Database\\Eloquent\\Model::all()
#15 /home/delzone/public_html/framework/app/Http/Controllers/Auth/LoginController.php(21): App\\Model\\Hyvikk::get()
#16 [internal function]: App\\Http\\Controllers\\Auth\\LoginController->__construct()
#17 /home/delzone/public_html/framework/vendor/laravel/framework/src/Illuminate/Container/Container.php(952): ReflectionClass->newInstanceArgs()
#18 /home/delzone/public_html/framework/vendor/laravel/framework/src/Illuminate/Container/Container.php(795): Illuminate\\Container\\Container->build()
#19 /home/delzone/public_html/framework/vendor/laravel/framework/src/Illuminate/Foundation/Application.php(933): Illuminate\\Container\\Container->resolve()
#20 /home/delzone/public_html/framework/vendor/laravel/framework/src/Illuminate/Container/Container.php(731): Illuminate\\Foundation\\Application->resolve()
#21 /home/delzone/public_html/framework/vendor/laravel/framework/src/Illuminate/Foundation/Application.php(918): Illuminate\\Container\\Container->make()
#22 /home/delzone/public_html/framework/vendor/laravel/framework/src/Illuminate/Routing/Route.php(274): Illuminate\\Foundation\\Application->make()
#23 /home/delzone/public_html/framework/vendor/laravel/framework/src/Illuminate/Routing/Route.php(1100): Illuminate\\Routing\\Route->getController()
#24 /home/delzone/public_html/framework/vendor/laravel/framework/src/Illuminate/Routing/Route.php(1031): Illuminate\\Routing\\Route->controllerMiddleware()
#25 /home/delzone/public_html/framework/vendor/laravel/framework/src/Illuminate/Routing/Router.php(811): Illuminate\\Routing\\Route->gatherMiddleware()
#26 /home/delzone/public_html/framework/vendor/laravel/framework/src/Illuminate/Routing/Router.php(793): Illuminate\\Routing\\Router->gatherRouteMiddleware()
#27 /home/delzone/public_html/framework/vendor/laravel/framework/src/Illuminate/Routing/Router.php(777): Illuminate\\Routing\\Router->runRouteWithinStack()
#28 /home/delzone/public_html/framework/vendor/laravel/framework/src/Illuminate/Routing/Router.php(741): Illuminate\\Routing\\Router->runRoute()
#29 /home/delzone/public_html/framework/vendor/laravel/framework/src/Illuminate/Routing/Router.php(730): Illuminate\\Routing\\Router->dispatchToRoute()
#30 /home/delzone/public_html/framework/vendor/laravel/framework/src/Illuminate/Foundation/Http/Kernel.php(200): Illuminate\\Routing\\Router->dispatch()
#31 /home/delzone/public_html/framework/vendor/laravel/framework/src/Illuminate/Pipeline/Pipeline.php(141): Illuminate\\Foundation\\Http\\Kernel->Illuminate\\Foundation\\Http\\{closure}()
#32 /home/delzone/public_html/framework/vendor/laravel/framework/src/Illuminate/Foundation/Http/Middleware/TransformsRequest.php(21): Illuminate\\Pipeline\\Pipeline->Illuminate\\Pipeline\\{closure}()
#33 /home/delzone/public_html/framework/vendor/laravel/framework/src/Illuminate/Foundation/Http/Middleware/ConvertEmptyStringsToNull.php(31): Illuminate\\Foundation\\Http\\Middleware\\TransformsRequest->handle()
#34 /home/delzone/public_html/framework/vendor/laravel/framework/src/Illuminate/Pipeline/Pipeline.php(180): Illuminate\\Foundation\\Http\\Middleware\\ConvertEmptyStringsToNull->handle()
#35 /home/delzone/public_html/framework/vendor/laravel/framework/src/Illuminate/Foundation/Http/Middleware/TransformsRequest.php(21): Illuminate\\Pipeline\\Pipeline->Illuminate\\Pipeline\\{closure}()
#36 /home/delzone/public_html/framework/vendor/laravel/framework/src/Illuminate/Foundation/Http/Middleware/TrimStrings.php(40): Illuminate\\Foundation\\Http\\Middleware\\TransformsRequest->handle()
#37 /home/delzone/public_html/framework/vendor/laravel/framework/src/Illuminate/Pipeline/Pipeline.php(180): Illuminate\\Foundation\\Http\\Middleware\\TrimStrings->handle()
#38 /home/delzone/public_html/framework/vendor/laravel/framework/src/Illuminate/Foundation/Http/Middleware/ValidatePostSize.php(27): Illuminate\\Pipeline\\Pipeline->Illuminate\\Pipeline\\{closure}()
#39 /home/delzone/public_html/framework/vendor/laravel/framework/src/Illuminate/Pipeline/Pipeline.php(180): Illuminate\\Foundation\\Http\\Middleware\\ValidatePostSize->handle()
#40 /home/delzone/public_html/framework/vendor/laravel/framework/src/Illuminate/Foundation/Http/Middleware/PreventRequestsDuringMaintenance.php(86): Illuminate\\Pipeline\\Pipeline->Illuminate\\Pipeline\\{closure}()
#41 /home/delzone/public_html/framework/vendor/laravel/framework/src/Illuminate/Pipeline/Pipeline.php(180): Illuminate\\Foundation\\Http\\Middleware\\PreventRequestsDuringMaintenance->handle()
#42 /home/delzone/public_html/framework/vendor/laravel/framework/src/Illuminate/Pipeline/Pipeline.php(116): Illuminate\\Pipeline\\Pipeline->Illuminate\\Pipeline\\{closure}()
#43 /home/delzone/public_html/framework/vendor/laravel/framework/src/Illuminate/Foundation/Http/Kernel.php(175): Illuminate\\Pipeline\\Pipeline->then()
#44 /home/delzone/public_html/framework/vendor/laravel/framework/src/Illuminate/Foundation/Http/Kernel.php(144): Illuminate\\Foundation\\Http\\Kernel->sendRequestThroughRouter()
#45 /home/delzone/public_html/index.php(5): Illuminate\\Foundation\\Http\\Kernel->handle()
#46 {main}
"} 
[2025-06-12 13:52:07] local.ERROR: Class "PDO" not found {"exception":"[object] (Error(code: 0): Class \"PDO\" not found at /home/delzone/public_html/framework/vendor/laravel/framework/src/Illuminate/Database/Connection.php:120)
[stacktrace]
#0 /home/delzone/public_html/framework/vendor/laravel/framework/src/Illuminate/Database/Connection.php(1701): [constant expression]()
#1 /home/delzone/public_html/framework/vendor/laravel/framework/src/Illuminate/Database/Connectors/ConnectionFactory.php(265): Illuminate\\Database\\Connection::getResolver()
#2 /home/delzone/public_html/framework/vendor/laravel/framework/src/Illuminate/Database/Connectors/ConnectionFactory.php(75): Illuminate\\Database\\Connectors\\ConnectionFactory->createConnection()
#3 /home/delzone/public_html/framework/vendor/laravel/framework/src/Illuminate/Database/Connectors/ConnectionFactory.php(50): Illuminate\\Database\\Connectors\\ConnectionFactory->createSingleConnection()
#4 /home/delzone/public_html/framework/vendor/laravel/framework/src/Illuminate/Database/DatabaseManager.php(152): Illuminate\\Database\\Connectors\\ConnectionFactory->make()
#5 /home/delzone/public_html/framework/vendor/laravel/framework/src/Illuminate/Database/DatabaseManager.php(101): Illuminate\\Database\\DatabaseManager->makeConnection()
#6 /home/delzone/public_html/framework/vendor/laravel/framework/src/Illuminate/Database/Eloquent/Model.php(1818): Illuminate\\Database\\DatabaseManager->connection()
#7 /home/delzone/public_html/framework/vendor/laravel/framework/src/Illuminate/Database/Eloquent/Model.php(1784): Illuminate\\Database\\Eloquent\\Model::resolveConnection()
#8 /home/delzone/public_html/framework/vendor/laravel/framework/src/Illuminate/Database/Eloquent/Model.php(1576): Illuminate\\Database\\Eloquent\\Model->getConnection()
#9 /home/delzone/public_html/framework/vendor/laravel/framework/src/Illuminate/Database/Eloquent/Model.php(1495): Illuminate\\Database\\Eloquent\\Model->newBaseQueryBuilder()
#10 /home/delzone/public_html/framework/vendor/laravel/framework/src/Illuminate/Database/Eloquent/Model.php(1531): Illuminate\\Database\\Eloquent\\Model->newModelQuery()
#11 /home/delzone/public_html/framework/vendor/laravel/framework/src/Illuminate/Database/Eloquent/Model.php(1484): Illuminate\\Database\\Eloquent\\Model->newQueryWithoutScopes()
#12 /home/delzone/public_html/framework/vendor/laravel/framework/src/Illuminate/Database/Eloquent/Model.php(1474): Illuminate\\Database\\Eloquent\\Model->newQuery()
#13 /home/delzone/public_html/framework/vendor/laravel/framework/src/Illuminate/Database/Eloquent/Model.php(674): Illuminate\\Database\\Eloquent\\Model::query()
#14 /home/delzone/public_html/framework/app/Model/Hyvikk.php(57): Illuminate\\Database\\Eloquent\\Model::all()
#15 /home/delzone/public_html/framework/app/Http/Controllers/FrontEnd/HomeController.php(49): App\\Model\\Hyvikk::frontend()
#16 [internal function]: App\\Http\\Controllers\\FrontEnd\\HomeController->__construct()
#17 /home/delzone/public_html/framework/vendor/laravel/framework/src/Illuminate/Container/Container.php(952): ReflectionClass->newInstanceArgs()
#18 /home/delzone/public_html/framework/vendor/laravel/framework/src/Illuminate/Container/Container.php(795): Illuminate\\Container\\Container->build()
#19 /home/delzone/public_html/framework/vendor/laravel/framework/src/Illuminate/Foundation/Application.php(933): Illuminate\\Container\\Container->resolve()
#20 /home/delzone/public_html/framework/vendor/laravel/framework/src/Illuminate/Container/Container.php(731): Illuminate\\Foundation\\Application->resolve()
#21 /home/delzone/public_html/framework/vendor/laravel/framework/src/Illuminate/Foundation/Application.php(918): Illuminate\\Container\\Container->make()
#22 /home/delzone/public_html/framework/vendor/laravel/framework/src/Illuminate/Routing/Route.php(274): Illuminate\\Foundation\\Application->make()
#23 /home/delzone/public_html/framework/vendor/laravel/framework/src/Illuminate/Routing/Route.php(1100): Illuminate\\Routing\\Route->getController()
#24 /home/delzone/public_html/framework/vendor/laravel/framework/src/Illuminate/Routing/Route.php(1031): Illuminate\\Routing\\Route->controllerMiddleware()
#25 /home/delzone/public_html/framework/vendor/laravel/framework/src/Illuminate/Routing/Router.php(811): Illuminate\\Routing\\Route->gatherMiddleware()
#26 /home/delzone/public_html/framework/vendor/laravel/framework/src/Illuminate/Routing/Router.php(793): Illuminate\\Routing\\Router->gatherRouteMiddleware()
#27 /home/delzone/public_html/framework/vendor/laravel/framework/src/Illuminate/Routing/Router.php(777): Illuminate\\Routing\\Router->runRouteWithinStack()
#28 /home/delzone/public_html/framework/vendor/laravel/framework/src/Illuminate/Routing/Router.php(741): Illuminate\\Routing\\Router->runRoute()
#29 /home/delzone/public_html/framework/vendor/laravel/framework/src/Illuminate/Routing/Router.php(730): Illuminate\\Routing\\Router->dispatchToRoute()
#30 /home/delzone/public_html/framework/vendor/laravel/framework/src/Illuminate/Foundation/Http/Kernel.php(200): Illuminate\\Routing\\Router->dispatch()
#31 /home/delzone/public_html/framework/vendor/laravel/framework/src/Illuminate/Pipeline/Pipeline.php(141): Illuminate\\Foundation\\Http\\Kernel->Illuminate\\Foundation\\Http\\{closure}()
#32 /home/delzone/public_html/framework/vendor/laravel/framework/src/Illuminate/Foundation/Http/Middleware/TransformsRequest.php(21): Illuminate\\Pipeline\\Pipeline->Illuminate\\Pipeline\\{closure}()
#33 /home/delzone/public_html/framework/vendor/laravel/framework/src/Illuminate/Foundation/Http/Middleware/ConvertEmptyStringsToNull.php(31): Illuminate\\Foundation\\Http\\Middleware\\TransformsRequest->handle()
#34 /home/delzone/public_html/framework/vendor/laravel/framework/src/Illuminate/Pipeline/Pipeline.php(180): Illuminate\\Foundation\\Http\\Middleware\\ConvertEmptyStringsToNull->handle()
#35 /home/delzone/public_html/framework/vendor/laravel/framework/src/Illuminate/Foundation/Http/Middleware/TransformsRequest.php(21): Illuminate\\Pipeline\\Pipeline->Illuminate\\Pipeline\\{closure}()
#36 /home/delzone/public_html/framework/vendor/laravel/framework/src/Illuminate/Foundation/Http/Middleware/TrimStrings.php(40): Illuminate\\Foundation\\Http\\Middleware\\TransformsRequest->handle()
#37 /home/delzone/public_html/framework/vendor/laravel/framework/src/Illuminate/Pipeline/Pipeline.php(180): Illuminate\\Foundation\\Http\\Middleware\\TrimStrings->handle()
#38 /home/delzone/public_html/framework/vendor/laravel/framework/src/Illuminate/Foundation/Http/Middleware/ValidatePostSize.php(27): Illuminate\\Pipeline\\Pipeline->Illuminate\\Pipeline\\{closure}()
#39 /home/delzone/public_html/framework/vendor/laravel/framework/src/Illuminate/Pipeline/Pipeline.php(180): Illuminate\\Foundation\\Http\\Middleware\\ValidatePostSize->handle()
#40 /home/delzone/public_html/framework/vendor/laravel/framework/src/Illuminate/Foundation/Http/Middleware/PreventRequestsDuringMaintenance.php(86): Illuminate\\Pipeline\\Pipeline->Illuminate\\Pipeline\\{closure}()
#41 /home/delzone/public_html/framework/vendor/laravel/framework/src/Illuminate/Pipeline/Pipeline.php(180): Illuminate\\Foundation\\Http\\Middleware\\PreventRequestsDuringMaintenance->handle()
#42 /home/delzone/public_html/framework/vendor/laravel/framework/src/Illuminate/Pipeline/Pipeline.php(116): Illuminate\\Pipeline\\Pipeline->Illuminate\\Pipeline\\{closure}()
#43 /home/delzone/public_html/framework/vendor/laravel/framework/src/Illuminate/Foundation/Http/Kernel.php(175): Illuminate\\Pipeline\\Pipeline->then()
#44 /home/delzone/public_html/framework/vendor/laravel/framework/src/Illuminate/Foundation/Http/Kernel.php(144): Illuminate\\Foundation\\Http\\Kernel->sendRequestThroughRouter()
#45 /home/delzone/public_html/index.php(5): Illuminate\\Foundation\\Http\\Kernel->handle()
#46 {main}
"} 
[2025-06-12 13:52:09] local.ERROR: Class "PDO" not found {"exception":"[object] (Error(code: 0): Class \"PDO\" not found at /home/delzone/public_html/framework/vendor/laravel/framework/src/Illuminate/Database/Connection.php:120)
[stacktrace]
#0 /home/delzone/public_html/framework/vendor/laravel/framework/src/Illuminate/Database/Connection.php(1701): [constant expression]()
#1 /home/delzone/public_html/framework/vendor/laravel/framework/src/Illuminate/Database/Connectors/ConnectionFactory.php(265): Illuminate\\Database\\Connection::getResolver()
#2 /home/delzone/public_html/framework/vendor/laravel/framework/src/Illuminate/Database/Connectors/ConnectionFactory.php(75): Illuminate\\Database\\Connectors\\ConnectionFactory->createConnection()
#3 /home/delzone/public_html/framework/vendor/laravel/framework/src/Illuminate/Database/Connectors/ConnectionFactory.php(50): Illuminate\\Database\\Connectors\\ConnectionFactory->createSingleConnection()
#4 /home/delzone/public_html/framework/vendor/laravel/framework/src/Illuminate/Database/DatabaseManager.php(152): Illuminate\\Database\\Connectors\\ConnectionFactory->make()
#5 /home/delzone/public_html/framework/vendor/laravel/framework/src/Illuminate/Database/DatabaseManager.php(101): Illuminate\\Database\\DatabaseManager->makeConnection()
#6 /home/delzone/public_html/framework/vendor/laravel/framework/src/Illuminate/Database/Eloquent/Model.php(1818): Illuminate\\Database\\DatabaseManager->connection()
#7 /home/delzone/public_html/framework/vendor/laravel/framework/src/Illuminate/Database/Eloquent/Model.php(1784): Illuminate\\Database\\Eloquent\\Model::resolveConnection()
#8 /home/delzone/public_html/framework/vendor/laravel/framework/src/Illuminate/Database/Eloquent/Model.php(1576): Illuminate\\Database\\Eloquent\\Model->getConnection()
#9 /home/delzone/public_html/framework/vendor/laravel/framework/src/Illuminate/Database/Eloquent/Model.php(1495): Illuminate\\Database\\Eloquent\\Model->newBaseQueryBuilder()
#10 /home/delzone/public_html/framework/vendor/laravel/framework/src/Illuminate/Database/Eloquent/Model.php(1531): Illuminate\\Database\\Eloquent\\Model->newModelQuery()
#11 /home/delzone/public_html/framework/vendor/laravel/framework/src/Illuminate/Database/Eloquent/Model.php(1484): Illuminate\\Database\\Eloquent\\Model->newQueryWithoutScopes()
#12 /home/delzone/public_html/framework/vendor/laravel/framework/src/Illuminate/Database/Eloquent/Model.php(1474): Illuminate\\Database\\Eloquent\\Model->newQuery()
#13 /home/delzone/public_html/framework/vendor/laravel/framework/src/Illuminate/Database/Eloquent/Model.php(674): Illuminate\\Database\\Eloquent\\Model::query()
#14 /home/delzone/public_html/framework/app/Model/Hyvikk.php(57): Illuminate\\Database\\Eloquent\\Model::all()
#15 /home/delzone/public_html/framework/app/Http/Controllers/FrontEnd/HomeController.php(49): App\\Model\\Hyvikk::frontend()
#16 [internal function]: App\\Http\\Controllers\\FrontEnd\\HomeController->__construct()
#17 /home/delzone/public_html/framework/vendor/laravel/framework/src/Illuminate/Container/Container.php(952): ReflectionClass->newInstanceArgs()
#18 /home/delzone/public_html/framework/vendor/laravel/framework/src/Illuminate/Container/Container.php(795): Illuminate\\Container\\Container->build()
#19 /home/delzone/public_html/framework/vendor/laravel/framework/src/Illuminate/Foundation/Application.php(933): Illuminate\\Container\\Container->resolve()
#20 /home/delzone/public_html/framework/vendor/laravel/framework/src/Illuminate/Container/Container.php(731): Illuminate\\Foundation\\Application->resolve()
#21 /home/delzone/public_html/framework/vendor/laravel/framework/src/Illuminate/Foundation/Application.php(918): Illuminate\\Container\\Container->make()
#22 /home/delzone/public_html/framework/vendor/laravel/framework/src/Illuminate/Routing/Route.php(274): Illuminate\\Foundation\\Application->make()
#23 /home/delzone/public_html/framework/vendor/laravel/framework/src/Illuminate/Routing/Route.php(1100): Illuminate\\Routing\\Route->getController()
#24 /home/delzone/public_html/framework/vendor/laravel/framework/src/Illuminate/Routing/Route.php(1031): Illuminate\\Routing\\Route->controllerMiddleware()
#25 /home/delzone/public_html/framework/vendor/laravel/framework/src/Illuminate/Routing/Router.php(811): Illuminate\\Routing\\Route->gatherMiddleware()
#26 /home/delzone/public_html/framework/vendor/laravel/framework/src/Illuminate/Routing/Router.php(793): Illuminate\\Routing\\Router->gatherRouteMiddleware()
#27 /home/delzone/public_html/framework/vendor/laravel/framework/src/Illuminate/Routing/Router.php(777): Illuminate\\Routing\\Router->runRouteWithinStack()
#28 /home/delzone/public_html/framework/vendor/laravel/framework/src/Illuminate/Routing/Router.php(741): Illuminate\\Routing\\Router->runRoute()
#29 /home/delzone/public_html/framework/vendor/laravel/framework/src/Illuminate/Routing/Router.php(730): Illuminate\\Routing\\Router->dispatchToRoute()
#30 /home/delzone/public_html/framework/vendor/laravel/framework/src/Illuminate/Foundation/Http/Kernel.php(200): Illuminate\\Routing\\Router->dispatch()
#31 /home/delzone/public_html/framework/vendor/laravel/framework/src/Illuminate/Pipeline/Pipeline.php(141): Illuminate\\Foundation\\Http\\Kernel->Illuminate\\Foundation\\Http\\{closure}()
#32 /home/delzone/public_html/framework/vendor/laravel/framework/src/Illuminate/Foundation/Http/Middleware/TransformsRequest.php(21): Illuminate\\Pipeline\\Pipeline->Illuminate\\Pipeline\\{closure}()
#33 /home/delzone/public_html/framework/vendor/laravel/framework/src/Illuminate/Foundation/Http/Middleware/ConvertEmptyStringsToNull.php(31): Illuminate\\Foundation\\Http\\Middleware\\TransformsRequest->handle()
#34 /home/delzone/public_html/framework/vendor/laravel/framework/src/Illuminate/Pipeline/Pipeline.php(180): Illuminate\\Foundation\\Http\\Middleware\\ConvertEmptyStringsToNull->handle()
#35 /home/delzone/public_html/framework/vendor/laravel/framework/src/Illuminate/Foundation/Http/Middleware/TransformsRequest.php(21): Illuminate\\Pipeline\\Pipeline->Illuminate\\Pipeline\\{closure}()
#36 /home/delzone/public_html/framework/vendor/laravel/framework/src/Illuminate/Foundation/Http/Middleware/TrimStrings.php(40): Illuminate\\Foundation\\Http\\Middleware\\TransformsRequest->handle()
#37 /home/delzone/public_html/framework/vendor/laravel/framework/src/Illuminate/Pipeline/Pipeline.php(180): Illuminate\\Foundation\\Http\\Middleware\\TrimStrings->handle()
#38 /home/delzone/public_html/framework/vendor/laravel/framework/src/Illuminate/Foundation/Http/Middleware/ValidatePostSize.php(27): Illuminate\\Pipeline\\Pipeline->Illuminate\\Pipeline\\{closure}()
#39 /home/delzone/public_html/framework/vendor/laravel/framework/src/Illuminate/Pipeline/Pipeline.php(180): Illuminate\\Foundation\\Http\\Middleware\\ValidatePostSize->handle()
#40 /home/delzone/public_html/framework/vendor/laravel/framework/src/Illuminate/Foundation/Http/Middleware/PreventRequestsDuringMaintenance.php(86): Illuminate\\Pipeline\\Pipeline->Illuminate\\Pipeline\\{closure}()
#41 /home/delzone/public_html/framework/vendor/laravel/framework/src/Illuminate/Pipeline/Pipeline.php(180): Illuminate\\Foundation\\Http\\Middleware\\PreventRequestsDuringMaintenance->handle()
#42 /home/delzone/public_html/framework/vendor/laravel/framework/src/Illuminate/Pipeline/Pipeline.php(116): Illuminate\\Pipeline\\Pipeline->Illuminate\\Pipeline\\{closure}()
#43 /home/delzone/public_html/framework/vendor/laravel/framework/src/Illuminate/Foundation/Http/Kernel.php(175): Illuminate\\Pipeline\\Pipeline->then()
#44 /home/delzone/public_html/framework/vendor/laravel/framework/src/Illuminate/Foundation/Http/Kernel.php(144): Illuminate\\Foundation\\Http\\Kernel->sendRequestThroughRouter()
#45 /home/delzone/public_html/index.php(5): Illuminate\\Foundation\\Http\\Kernel->handle()
#46 {main}
"} 
[2025-06-12 13:52:26] local.ERROR: Class "PDO" not found {"exception":"[object] (Error(code: 0): Class \"PDO\" not found at /home/delzone/public_html/framework/vendor/laravel/framework/src/Illuminate/Database/Connection.php:120)
[stacktrace]
#0 /home/delzone/public_html/framework/vendor/laravel/framework/src/Illuminate/Database/Connection.php(1701): [constant expression]()
#1 /home/delzone/public_html/framework/vendor/laravel/framework/src/Illuminate/Database/Connectors/ConnectionFactory.php(265): Illuminate\\Database\\Connection::getResolver()
#2 /home/delzone/public_html/framework/vendor/laravel/framework/src/Illuminate/Database/Connectors/ConnectionFactory.php(75): Illuminate\\Database\\Connectors\\ConnectionFactory->createConnection()
#3 /home/delzone/public_html/framework/vendor/laravel/framework/src/Illuminate/Database/Connectors/ConnectionFactory.php(50): Illuminate\\Database\\Connectors\\ConnectionFactory->createSingleConnection()
#4 /home/delzone/public_html/framework/vendor/laravel/framework/src/Illuminate/Database/DatabaseManager.php(152): Illuminate\\Database\\Connectors\\ConnectionFactory->make()
#5 /home/delzone/public_html/framework/vendor/laravel/framework/src/Illuminate/Database/DatabaseManager.php(101): Illuminate\\Database\\DatabaseManager->makeConnection()
#6 /home/delzone/public_html/framework/vendor/laravel/framework/src/Illuminate/Database/Eloquent/Model.php(1818): Illuminate\\Database\\DatabaseManager->connection()
#7 /home/delzone/public_html/framework/vendor/laravel/framework/src/Illuminate/Database/Eloquent/Model.php(1784): Illuminate\\Database\\Eloquent\\Model::resolveConnection()
#8 /home/delzone/public_html/framework/vendor/laravel/framework/src/Illuminate/Database/Eloquent/Model.php(1576): Illuminate\\Database\\Eloquent\\Model->getConnection()
#9 /home/delzone/public_html/framework/vendor/laravel/framework/src/Illuminate/Database/Eloquent/Model.php(1495): Illuminate\\Database\\Eloquent\\Model->newBaseQueryBuilder()
#10 /home/delzone/public_html/framework/vendor/laravel/framework/src/Illuminate/Database/Eloquent/Model.php(1531): Illuminate\\Database\\Eloquent\\Model->newModelQuery()
#11 /home/delzone/public_html/framework/vendor/laravel/framework/src/Illuminate/Database/Eloquent/Model.php(1484): Illuminate\\Database\\Eloquent\\Model->newQueryWithoutScopes()
#12 /home/delzone/public_html/framework/vendor/laravel/framework/src/Illuminate/Database/Eloquent/Model.php(1474): Illuminate\\Database\\Eloquent\\Model->newQuery()
#13 /home/delzone/public_html/framework/vendor/laravel/framework/src/Illuminate/Database/Eloquent/Model.php(674): Illuminate\\Database\\Eloquent\\Model::query()
#14 /home/delzone/public_html/framework/app/Model/Hyvikk.php(57): Illuminate\\Database\\Eloquent\\Model::all()
#15 /home/delzone/public_html/framework/app/Http/Controllers/FrontEnd/HomeController.php(49): App\\Model\\Hyvikk::frontend()
#16 [internal function]: App\\Http\\Controllers\\FrontEnd\\HomeController->__construct()
#17 /home/delzone/public_html/framework/vendor/laravel/framework/src/Illuminate/Container/Container.php(952): ReflectionClass->newInstanceArgs()
#18 /home/delzone/public_html/framework/vendor/laravel/framework/src/Illuminate/Container/Container.php(795): Illuminate\\Container\\Container->build()
#19 /home/delzone/public_html/framework/vendor/laravel/framework/src/Illuminate/Foundation/Application.php(933): Illuminate\\Container\\Container->resolve()
#20 /home/delzone/public_html/framework/vendor/laravel/framework/src/Illuminate/Container/Container.php(731): Illuminate\\Foundation\\Application->resolve()
#21 /home/delzone/public_html/framework/vendor/laravel/framework/src/Illuminate/Foundation/Application.php(918): Illuminate\\Container\\Container->make()
#22 /home/delzone/public_html/framework/vendor/laravel/framework/src/Illuminate/Routing/Route.php(274): Illuminate\\Foundation\\Application->make()
#23 /home/delzone/public_html/framework/vendor/laravel/framework/src/Illuminate/Routing/Route.php(1100): Illuminate\\Routing\\Route->getController()
#24 /home/delzone/public_html/framework/vendor/laravel/framework/src/Illuminate/Routing/Route.php(1031): Illuminate\\Routing\\Route->controllerMiddleware()
#25 /home/delzone/public_html/framework/vendor/laravel/framework/src/Illuminate/Routing/Router.php(811): Illuminate\\Routing\\Route->gatherMiddleware()
#26 /home/delzone/public_html/framework/vendor/laravel/framework/src/Illuminate/Routing/Router.php(793): Illuminate\\Routing\\Router->gatherRouteMiddleware()
#27 /home/delzone/public_html/framework/vendor/laravel/framework/src/Illuminate/Routing/Router.php(777): Illuminate\\Routing\\Router->runRouteWithinStack()
#28 /home/delzone/public_html/framework/vendor/laravel/framework/src/Illuminate/Routing/Router.php(741): Illuminate\\Routing\\Router->runRoute()
#29 /home/delzone/public_html/framework/vendor/laravel/framework/src/Illuminate/Routing/Router.php(730): Illuminate\\Routing\\Router->dispatchToRoute()
#30 /home/delzone/public_html/framework/vendor/laravel/framework/src/Illuminate/Foundation/Http/Kernel.php(200): Illuminate\\Routing\\Router->dispatch()
#31 /home/delzone/public_html/framework/vendor/laravel/framework/src/Illuminate/Pipeline/Pipeline.php(141): Illuminate\\Foundation\\Http\\Kernel->Illuminate\\Foundation\\Http\\{closure}()
#32 /home/delzone/public_html/framework/vendor/laravel/framework/src/Illuminate/Foundation/Http/Middleware/TransformsRequest.php(21): Illuminate\\Pipeline\\Pipeline->Illuminate\\Pipeline\\{closure}()
#33 /home/delzone/public_html/framework/vendor/laravel/framework/src/Illuminate/Foundation/Http/Middleware/ConvertEmptyStringsToNull.php(31): Illuminate\\Foundation\\Http\\Middleware\\TransformsRequest->handle()
#34 /home/delzone/public_html/framework/vendor/laravel/framework/src/Illuminate/Pipeline/Pipeline.php(180): Illuminate\\Foundation\\Http\\Middleware\\ConvertEmptyStringsToNull->handle()
#35 /home/delzone/public_html/framework/vendor/laravel/framework/src/Illuminate/Foundation/Http/Middleware/TransformsRequest.php(21): Illuminate\\Pipeline\\Pipeline->Illuminate\\Pipeline\\{closure}()
#36 /home/delzone/public_html/framework/vendor/laravel/framework/src/Illuminate/Foundation/Http/Middleware/TrimStrings.php(40): Illuminate\\Foundation\\Http\\Middleware\\TransformsRequest->handle()
#37 /home/delzone/public_html/framework/vendor/laravel/framework/src/Illuminate/Pipeline/Pipeline.php(180): Illuminate\\Foundation\\Http\\Middleware\\TrimStrings->handle()
#38 /home/delzone/public_html/framework/vendor/laravel/framework/src/Illuminate/Foundation/Http/Middleware/ValidatePostSize.php(27): Illuminate\\Pipeline\\Pipeline->Illuminate\\Pipeline\\{closure}()
#39 /home/delzone/public_html/framework/vendor/laravel/framework/src/Illuminate/Pipeline/Pipeline.php(180): Illuminate\\Foundation\\Http\\Middleware\\ValidatePostSize->handle()
#40 /home/delzone/public_html/framework/vendor/laravel/framework/src/Illuminate/Foundation/Http/Middleware/PreventRequestsDuringMaintenance.php(86): Illuminate\\Pipeline\\Pipeline->Illuminate\\Pipeline\\{closure}()
#41 /home/delzone/public_html/framework/vendor/laravel/framework/src/Illuminate/Pipeline/Pipeline.php(180): Illuminate\\Foundation\\Http\\Middleware\\PreventRequestsDuringMaintenance->handle()
#42 /home/delzone/public_html/framework/vendor/laravel/framework/src/Illuminate/Pipeline/Pipeline.php(116): Illuminate\\Pipeline\\Pipeline->Illuminate\\Pipeline\\{closure}()
#43 /home/delzone/public_html/framework/vendor/laravel/framework/src/Illuminate/Foundation/Http/Kernel.php(175): Illuminate\\Pipeline\\Pipeline->then()
#44 /home/delzone/public_html/framework/vendor/laravel/framework/src/Illuminate/Foundation/Http/Kernel.php(144): Illuminate\\Foundation\\Http\\Kernel->sendRequestThroughRouter()
#45 /home/delzone/public_html/index.php(5): Illuminate\\Foundation\\Http\\Kernel->handle()
#46 {main}
"} 
[2025-06-12 13:54:50] local.ERROR: Class "PDO" not found {"exception":"[object] (Error(code: 0): Class \"PDO\" not found at /home/delzone/public_html/framework/vendor/laravel/framework/src/Illuminate/Database/Connection.php:120)
[stacktrace]
#0 /home/delzone/public_html/framework/vendor/laravel/framework/src/Illuminate/Database/Connection.php(1701): [constant expression]()
#1 /home/delzone/public_html/framework/vendor/laravel/framework/src/Illuminate/Database/Connectors/ConnectionFactory.php(265): Illuminate\\Database\\Connection::getResolver()
#2 /home/delzone/public_html/framework/vendor/laravel/framework/src/Illuminate/Database/Connectors/ConnectionFactory.php(75): Illuminate\\Database\\Connectors\\ConnectionFactory->createConnection()
#3 /home/delzone/public_html/framework/vendor/laravel/framework/src/Illuminate/Database/Connectors/ConnectionFactory.php(50): Illuminate\\Database\\Connectors\\ConnectionFactory->createSingleConnection()
#4 /home/delzone/public_html/framework/vendor/laravel/framework/src/Illuminate/Database/DatabaseManager.php(152): Illuminate\\Database\\Connectors\\ConnectionFactory->make()
#5 /home/delzone/public_html/framework/vendor/laravel/framework/src/Illuminate/Database/DatabaseManager.php(101): Illuminate\\Database\\DatabaseManager->makeConnection()
#6 /home/delzone/public_html/framework/vendor/laravel/framework/src/Illuminate/Database/Eloquent/Model.php(1818): Illuminate\\Database\\DatabaseManager->connection()
#7 /home/delzone/public_html/framework/vendor/laravel/framework/src/Illuminate/Database/Eloquent/Model.php(1784): Illuminate\\Database\\Eloquent\\Model::resolveConnection()
#8 /home/delzone/public_html/framework/vendor/laravel/framework/src/Illuminate/Database/Eloquent/Model.php(1576): Illuminate\\Database\\Eloquent\\Model->getConnection()
#9 /home/delzone/public_html/framework/vendor/laravel/framework/src/Illuminate/Database/Eloquent/Model.php(1495): Illuminate\\Database\\Eloquent\\Model->newBaseQueryBuilder()
#10 /home/delzone/public_html/framework/vendor/laravel/framework/src/Illuminate/Database/Eloquent/Model.php(1531): Illuminate\\Database\\Eloquent\\Model->newModelQuery()
#11 /home/delzone/public_html/framework/vendor/laravel/framework/src/Illuminate/Database/Eloquent/Model.php(1484): Illuminate\\Database\\Eloquent\\Model->newQueryWithoutScopes()
#12 /home/delzone/public_html/framework/vendor/laravel/framework/src/Illuminate/Database/Eloquent/Model.php(1474): Illuminate\\Database\\Eloquent\\Model->newQuery()
#13 /home/delzone/public_html/framework/vendor/laravel/framework/src/Illuminate/Database/Eloquent/Model.php(674): Illuminate\\Database\\Eloquent\\Model::query()
#14 /home/delzone/public_html/framework/app/Model/Hyvikk.php(57): Illuminate\\Database\\Eloquent\\Model::all()
#15 /home/delzone/public_html/framework/app/Http/Controllers/FrontEnd/HomeController.php(49): App\\Model\\Hyvikk::frontend()
#16 [internal function]: App\\Http\\Controllers\\FrontEnd\\HomeController->__construct()
#17 /home/delzone/public_html/framework/vendor/laravel/framework/src/Illuminate/Container/Container.php(952): ReflectionClass->newInstanceArgs()
#18 /home/delzone/public_html/framework/vendor/laravel/framework/src/Illuminate/Container/Container.php(795): Illuminate\\Container\\Container->build()
#19 /home/delzone/public_html/framework/vendor/laravel/framework/src/Illuminate/Foundation/Application.php(933): Illuminate\\Container\\Container->resolve()
#20 /home/delzone/public_html/framework/vendor/laravel/framework/src/Illuminate/Container/Container.php(731): Illuminate\\Foundation\\Application->resolve()
#21 /home/delzone/public_html/framework/vendor/laravel/framework/src/Illuminate/Foundation/Application.php(918): Illuminate\\Container\\Container->make()
#22 /home/delzone/public_html/framework/vendor/laravel/framework/src/Illuminate/Routing/Route.php(274): Illuminate\\Foundation\\Application->make()
#23 /home/delzone/public_html/framework/vendor/laravel/framework/src/Illuminate/Routing/Route.php(1100): Illuminate\\Routing\\Route->getController()
#24 /home/delzone/public_html/framework/vendor/laravel/framework/src/Illuminate/Routing/Route.php(1031): Illuminate\\Routing\\Route->controllerMiddleware()
#25 /home/delzone/public_html/framework/vendor/laravel/framework/src/Illuminate/Routing/Router.php(811): Illuminate\\Routing\\Route->gatherMiddleware()
#26 /home/delzone/public_html/framework/vendor/laravel/framework/src/Illuminate/Routing/Router.php(793): Illuminate\\Routing\\Router->gatherRouteMiddleware()
#27 /home/delzone/public_html/framework/vendor/laravel/framework/src/Illuminate/Routing/Router.php(777): Illuminate\\Routing\\Router->runRouteWithinStack()
#28 /home/delzone/public_html/framework/vendor/laravel/framework/src/Illuminate/Routing/Router.php(741): Illuminate\\Routing\\Router->runRoute()
#29 /home/delzone/public_html/framework/vendor/laravel/framework/src/Illuminate/Routing/Router.php(730): Illuminate\\Routing\\Router->dispatchToRoute()
#30 /home/delzone/public_html/framework/vendor/laravel/framework/src/Illuminate/Foundation/Http/Kernel.php(200): Illuminate\\Routing\\Router->dispatch()
#31 /home/delzone/public_html/framework/vendor/laravel/framework/src/Illuminate/Pipeline/Pipeline.php(141): Illuminate\\Foundation\\Http\\Kernel->Illuminate\\Foundation\\Http\\{closure}()
#32 /home/delzone/public_html/framework/vendor/laravel/framework/src/Illuminate/Foundation/Http/Middleware/TransformsRequest.php(21): Illuminate\\Pipeline\\Pipeline->Illuminate\\Pipeline\\{closure}()
#33 /home/delzone/public_html/framework/vendor/laravel/framework/src/Illuminate/Foundation/Http/Middleware/ConvertEmptyStringsToNull.php(31): Illuminate\\Foundation\\Http\\Middleware\\TransformsRequest->handle()
#34 /home/delzone/public_html/framework/vendor/laravel/framework/src/Illuminate/Pipeline/Pipeline.php(180): Illuminate\\Foundation\\Http\\Middleware\\ConvertEmptyStringsToNull->handle()
#35 /home/delzone/public_html/framework/vendor/laravel/framework/src/Illuminate/Foundation/Http/Middleware/TransformsRequest.php(21): Illuminate\\Pipeline\\Pipeline->Illuminate\\Pipeline\\{closure}()
#36 /home/delzone/public_html/framework/vendor/laravel/framework/src/Illuminate/Foundation/Http/Middleware/TrimStrings.php(40): Illuminate\\Foundation\\Http\\Middleware\\TransformsRequest->handle()
#37 /home/delzone/public_html/framework/vendor/laravel/framework/src/Illuminate/Pipeline/Pipeline.php(180): Illuminate\\Foundation\\Http\\Middleware\\TrimStrings->handle()
#38 /home/delzone/public_html/framework/vendor/laravel/framework/src/Illuminate/Foundation/Http/Middleware/ValidatePostSize.php(27): Illuminate\\Pipeline\\Pipeline->Illuminate\\Pipeline\\{closure}()
#39 /home/delzone/public_html/framework/vendor/laravel/framework/src/Illuminate/Pipeline/Pipeline.php(180): Illuminate\\Foundation\\Http\\Middleware\\ValidatePostSize->handle()
#40 /home/delzone/public_html/framework/vendor/laravel/framework/src/Illuminate/Foundation/Http/Middleware/PreventRequestsDuringMaintenance.php(86): Illuminate\\Pipeline\\Pipeline->Illuminate\\Pipeline\\{closure}()
#41 /home/delzone/public_html/framework/vendor/laravel/framework/src/Illuminate/Pipeline/Pipeline.php(180): Illuminate\\Foundation\\Http\\Middleware\\PreventRequestsDuringMaintenance->handle()
#42 /home/delzone/public_html/framework/vendor/laravel/framework/src/Illuminate/Pipeline/Pipeline.php(116): Illuminate\\Pipeline\\Pipeline->Illuminate\\Pipeline\\{closure}()
#43 /home/delzone/public_html/framework/vendor/laravel/framework/src/Illuminate/Foundation/Http/Kernel.php(175): Illuminate\\Pipeline\\Pipeline->then()
#44 /home/delzone/public_html/framework/vendor/laravel/framework/src/Illuminate/Foundation/Http/Kernel.php(144): Illuminate\\Foundation\\Http\\Kernel->sendRequestThroughRouter()
#45 /home/delzone/public_html/index.php(5): Illuminate\\Foundation\\Http\\Kernel->handle()
#46 {main}
"} 
[2025-06-12 13:56:28] local.ERROR: Class "PDO" not found {"exception":"[object] (Error(code: 0): Class \"PDO\" not found at /home/delzone/public_html/framework/vendor/laravel/framework/src/Illuminate/Database/Connection.php:120)
[stacktrace]
#0 /home/delzone/public_html/framework/vendor/laravel/framework/src/Illuminate/Database/Connection.php(1701): [constant expression]()
#1 /home/delzone/public_html/framework/vendor/laravel/framework/src/Illuminate/Database/Connectors/ConnectionFactory.php(265): Illuminate\\Database\\Connection::getResolver()
#2 /home/delzone/public_html/framework/vendor/laravel/framework/src/Illuminate/Database/Connectors/ConnectionFactory.php(75): Illuminate\\Database\\Connectors\\ConnectionFactory->createConnection()
#3 /home/delzone/public_html/framework/vendor/laravel/framework/src/Illuminate/Database/Connectors/ConnectionFactory.php(50): Illuminate\\Database\\Connectors\\ConnectionFactory->createSingleConnection()
#4 /home/delzone/public_html/framework/vendor/laravel/framework/src/Illuminate/Database/DatabaseManager.php(152): Illuminate\\Database\\Connectors\\ConnectionFactory->make()
#5 /home/delzone/public_html/framework/vendor/laravel/framework/src/Illuminate/Database/DatabaseManager.php(101): Illuminate\\Database\\DatabaseManager->makeConnection()
#6 /home/delzone/public_html/framework/vendor/laravel/framework/src/Illuminate/Database/Eloquent/Model.php(1818): Illuminate\\Database\\DatabaseManager->connection()
#7 /home/delzone/public_html/framework/vendor/laravel/framework/src/Illuminate/Database/Eloquent/Model.php(1784): Illuminate\\Database\\Eloquent\\Model::resolveConnection()
#8 /home/delzone/public_html/framework/vendor/laravel/framework/src/Illuminate/Database/Eloquent/Model.php(1576): Illuminate\\Database\\Eloquent\\Model->getConnection()
#9 /home/delzone/public_html/framework/vendor/laravel/framework/src/Illuminate/Database/Eloquent/Model.php(1495): Illuminate\\Database\\Eloquent\\Model->newBaseQueryBuilder()
#10 /home/delzone/public_html/framework/vendor/laravel/framework/src/Illuminate/Database/Eloquent/Model.php(1531): Illuminate\\Database\\Eloquent\\Model->newModelQuery()
#11 /home/delzone/public_html/framework/vendor/laravel/framework/src/Illuminate/Database/Eloquent/Model.php(1484): Illuminate\\Database\\Eloquent\\Model->newQueryWithoutScopes()
#12 /home/delzone/public_html/framework/vendor/laravel/framework/src/Illuminate/Database/Eloquent/Model.php(1474): Illuminate\\Database\\Eloquent\\Model->newQuery()
#13 /home/delzone/public_html/framework/vendor/laravel/framework/src/Illuminate/Database/Eloquent/Model.php(674): Illuminate\\Database\\Eloquent\\Model::query()
#14 /home/delzone/public_html/framework/app/Model/Hyvikk.php(57): Illuminate\\Database\\Eloquent\\Model::all()
#15 /home/delzone/public_html/framework/app/Http/Controllers/FrontEnd/HomeController.php(49): App\\Model\\Hyvikk::frontend()
#16 [internal function]: App\\Http\\Controllers\\FrontEnd\\HomeController->__construct()
#17 /home/delzone/public_html/framework/vendor/laravel/framework/src/Illuminate/Container/Container.php(952): ReflectionClass->newInstanceArgs()
#18 /home/delzone/public_html/framework/vendor/laravel/framework/src/Illuminate/Container/Container.php(795): Illuminate\\Container\\Container->build()
#19 /home/delzone/public_html/framework/vendor/laravel/framework/src/Illuminate/Foundation/Application.php(933): Illuminate\\Container\\Container->resolve()
#20 /home/delzone/public_html/framework/vendor/laravel/framework/src/Illuminate/Container/Container.php(731): Illuminate\\Foundation\\Application->resolve()
#21 /home/delzone/public_html/framework/vendor/laravel/framework/src/Illuminate/Foundation/Application.php(918): Illuminate\\Container\\Container->make()
#22 /home/delzone/public_html/framework/vendor/laravel/framework/src/Illuminate/Routing/Route.php(274): Illuminate\\Foundation\\Application->make()
#23 /home/delzone/public_html/framework/vendor/laravel/framework/src/Illuminate/Routing/Route.php(1100): Illuminate\\Routing\\Route->getController()
#24 /home/delzone/public_html/framework/vendor/laravel/framework/src/Illuminate/Routing/Route.php(1031): Illuminate\\Routing\\Route->controllerMiddleware()
#25 /home/delzone/public_html/framework/vendor/laravel/framework/src/Illuminate/Routing/Router.php(811): Illuminate\\Routing\\Route->gatherMiddleware()
#26 /home/delzone/public_html/framework/vendor/laravel/framework/src/Illuminate/Routing/Router.php(793): Illuminate\\Routing\\Router->gatherRouteMiddleware()
#27 /home/delzone/public_html/framework/vendor/laravel/framework/src/Illuminate/Routing/Router.php(777): Illuminate\\Routing\\Router->runRouteWithinStack()
#28 /home/delzone/public_html/framework/vendor/laravel/framework/src/Illuminate/Routing/Router.php(741): Illuminate\\Routing\\Router->runRoute()
#29 /home/delzone/public_html/framework/vendor/laravel/framework/src/Illuminate/Routing/Router.php(730): Illuminate\\Routing\\Router->dispatchToRoute()
#30 /home/delzone/public_html/framework/vendor/laravel/framework/src/Illuminate/Foundation/Http/Kernel.php(200): Illuminate\\Routing\\Router->dispatch()
#31 /home/delzone/public_html/framework/vendor/laravel/framework/src/Illuminate/Pipeline/Pipeline.php(141): Illuminate\\Foundation\\Http\\Kernel->Illuminate\\Foundation\\Http\\{closure}()
#32 /home/delzone/public_html/framework/vendor/laravel/framework/src/Illuminate/Foundation/Http/Middleware/TransformsRequest.php(21): Illuminate\\Pipeline\\Pipeline->Illuminate\\Pipeline\\{closure}()
#33 /home/delzone/public_html/framework/vendor/laravel/framework/src/Illuminate/Foundation/Http/Middleware/ConvertEmptyStringsToNull.php(31): Illuminate\\Foundation\\Http\\Middleware\\TransformsRequest->handle()
#34 /home/delzone/public_html/framework/vendor/laravel/framework/src/Illuminate/Pipeline/Pipeline.php(180): Illuminate\\Foundation\\Http\\Middleware\\ConvertEmptyStringsToNull->handle()
#35 /home/delzone/public_html/framework/vendor/laravel/framework/src/Illuminate/Foundation/Http/Middleware/TransformsRequest.php(21): Illuminate\\Pipeline\\Pipeline->Illuminate\\Pipeline\\{closure}()
#36 /home/delzone/public_html/framework/vendor/laravel/framework/src/Illuminate/Foundation/Http/Middleware/TrimStrings.php(40): Illuminate\\Foundation\\Http\\Middleware\\TransformsRequest->handle()
#37 /home/delzone/public_html/framework/vendor/laravel/framework/src/Illuminate/Pipeline/Pipeline.php(180): Illuminate\\Foundation\\Http\\Middleware\\TrimStrings->handle()
#38 /home/delzone/public_html/framework/vendor/laravel/framework/src/Illuminate/Foundation/Http/Middleware/ValidatePostSize.php(27): Illuminate\\Pipeline\\Pipeline->Illuminate\\Pipeline\\{closure}()
#39 /home/delzone/public_html/framework/vendor/laravel/framework/src/Illuminate/Pipeline/Pipeline.php(180): Illuminate\\Foundation\\Http\\Middleware\\ValidatePostSize->handle()
#40 /home/delzone/public_html/framework/vendor/laravel/framework/src/Illuminate/Foundation/Http/Middleware/PreventRequestsDuringMaintenance.php(86): Illuminate\\Pipeline\\Pipeline->Illuminate\\Pipeline\\{closure}()
#41 /home/delzone/public_html/framework/vendor/laravel/framework/src/Illuminate/Pipeline/Pipeline.php(180): Illuminate\\Foundation\\Http\\Middleware\\PreventRequestsDuringMaintenance->handle()
#42 /home/delzone/public_html/framework/vendor/laravel/framework/src/Illuminate/Pipeline/Pipeline.php(116): Illuminate\\Pipeline\\Pipeline->Illuminate\\Pipeline\\{closure}()
#43 /home/delzone/public_html/framework/vendor/laravel/framework/src/Illuminate/Foundation/Http/Kernel.php(175): Illuminate\\Pipeline\\Pipeline->then()
#44 /home/delzone/public_html/framework/vendor/laravel/framework/src/Illuminate/Foundation/Http/Kernel.php(144): Illuminate\\Foundation\\Http\\Kernel->sendRequestThroughRouter()
#45 /home/delzone/public_html/index.php(5): Illuminate\\Foundation\\Http\\Kernel->handle()
#46 {main}
"} 
